  Cajas.cpp
  ListasEnlazadas.cpp
C:\Users\JOSS\Documents\GitHub\Sokoban\Sokoban\Sokoban\ListasEnlazadas.cpp(108,32): warning C4267: 'inicializando': conversión de 'size_t' a 'int'; posible pérdida de datos
  MenuInicial.cpp
  MVector.cpp
  Niveles.cpp
C:\Users\JOSS\Documents\GitHub\Sokoban\Sokoban\Sokoban\Niveles.cpp(42,35): warning C4267: '=': conversión de 'size_t' a 'int'; posible pérdida de datos
  Sokoban.cpp
  Tablero.cpp
  Ventanas.cpp
C:\Users\JOSS\Documents\GitHub\Sokoban\Sokoban\Sokoban\Ventanas.cpp(12,54): warning C4244: 'argumento': conversión de 'T' a 'float'; posible pérdida de datos
          with
          [
              T=unsigned int
          ]
C:\Users\JOSS\Documents\GitHub\Sokoban\Sokoban\Sokoban\Ventanas.cpp(12,34): warning C4244: 'argumento': conversión de 'T' a 'float'; posible pérdida de datos
          with
          [
              T=unsigned int
          ]
  Generando código...
  Sokoban.vcxproj -> C:\Users\JOSS\Documents\GitHub\Sokoban\Sokoban\x64\Debug\Sokoban.exe
